[debug] [2022-12-02T15:14:08.289Z] ----------------------------------------------------------------------
[debug] [2022-12-02T15:14:08.290Z] Command:       C:\Program Files\nodejs\node.exe C:\Users\bajra\AppData\Roaming\npm\node_modules\firebase-tools\lib\bin\firebase.js emulators:start
[debug] [2022-12-02T15:14:08.290Z] CLI Version:   11.16.1
[debug] [2022-12-02T15:14:08.291Z] Platform:      win32
[debug] [2022-12-02T15:14:08.291Z] Node Version:  v18.12.1
[debug] [2022-12-02T15:14:08.291Z] Time:          Fri Dec 02 2022 20:44:08 GMT+0530 (India Standard Time)
[debug] [2022-12-02T15:14:08.291Z] ----------------------------------------------------------------------
[debug] 
[debug] [2022-12-02T15:14:08.296Z] >>> [apiv2][query] GET https://firebase-public.firebaseio.com/cli.json [none]
[debug] [2022-12-02T15:14:08.397Z] > command requires scopes: ["email","openid","https://www.googleapis.com/auth/cloudplatformprojects.readonly","https://www.googleapis.com/auth/firebase","https://www.googleapis.com/auth/cloud-platform"]
[debug] [2022-12-02T15:14:08.398Z] > authorizing via signed-in user (bajrangiraj255@gmail.com)
[info] i  emulators: Starting emulators: hosting {"metadata":{"emulator":{"name":"hub"},"message":"Starting emulators: hosting"}}
[debug] [2022-12-02T15:14:08.409Z] [logging] Logging Emulator only supports listening on one address (127.0.0.1). Not listening on ::1
[debug] [2022-12-02T15:14:08.409Z] [hosting] Hosting Emulator only supports listening on one address (127.0.0.1). Not listening on ::1
[debug] [2022-12-02T15:14:08.409Z] assigned listening specs for emulators {"user":{"hub":[{"address":"127.0.0.1","family":"IPv4","port":4400},{"address":"::1","family":"IPv6","port":4400}],"logging":[{"address":"127.0.0.1","family":"IPv4","port":4500}],"hosting":[{"address":"127.0.0.1","family":"IPv4","port":5000}]},"metadata":{"message":"assigned listening specs for emulators"}}
[debug] [2022-12-02T15:14:08.418Z] [hub] writing locator at C:\Users\bajra\AppData\Local\Temp\hub-clone-a908f.json
[debug] [2022-12-02T15:14:08.433Z] > refreshing access token with scopes: []
[debug] [2022-12-02T15:14:08.435Z] >>> [apiv2][query] POST https://www.googleapis.com/oauth2/v3/token [none]
[debug] [2022-12-02T15:14:08.435Z] >>> [apiv2][body] POST https://www.googleapis.com/oauth2/v3/token [omitted]
[debug] [2022-12-02T15:14:08.689Z] <<< [apiv2][status] POST https://www.googleapis.com/oauth2/v3/token 200
[debug] [2022-12-02T15:14:08.689Z] <<< [apiv2][body] POST https://www.googleapis.com/oauth2/v3/token [omitted]
[debug] [2022-12-02T15:14:08.699Z] >>> [apiv2][query] GET https://firebasehosting.googleapis.com/v1beta1/projects/clone-a908f/sites 
[debug] [2022-12-02T15:14:09.058Z] <<< [apiv2][status] GET https://firebase-public.firebaseio.com/cli.json 200
[debug] [2022-12-02T15:14:09.059Z] <<< [apiv2][body] GET https://firebase-public.firebaseio.com/cli.json {"cloudBuildErrorAfter":1594252800000,"cloudBuildWarnAfter":1590019200000,"defaultNode10After":1594252800000,"minVersion":"3.0.5","node8DeploysDisabledAfter":1613390400000,"node8RuntimeDisabledAfter":1615809600000,"node8WarnAfter":1600128000000}
[debug] [2022-12-02T15:14:09.854Z] <<< [apiv2][status] GET https://firebasehosting.googleapis.com/v1beta1/projects/clone-a908f/sites 403
[debug] [2022-12-02T15:14:09.854Z] <<< [apiv2][body] GET https://firebasehosting.googleapis.com/v1beta1/projects/clone-a908f/sites {"error":{"code":403,"message":"Permission 'firebasehosting.sites.get' denied on resource 'projects/clone-a908f' (or it may not exist)","status":"PERMISSION_DENIED"}}
[debug] [2022-12-02T15:14:09.854Z] Failed to list hosting sites
[debug] HTTP Error: 403, Permission 'firebasehosting.sites.get' denied on resource 'projects/clone-a908f' (or it may not exist)
[debug] [2022-12-02T15:14:09.855Z] >>> [apiv2][query] GET https://firebase.googleapis.com/v1beta1/projects/clone-a908f/webApps/-/config [none]
[debug] [2022-12-02T15:14:10.725Z] <<< [apiv2][status] GET https://firebase.googleapis.com/v1beta1/projects/clone-a908f/webApps/-/config 403
[debug] [2022-12-02T15:14:10.725Z] <<< [apiv2][body] GET https://firebase.googleapis.com/v1beta1/projects/clone-a908f/webApps/-/config {"error":{"code":403,"message":"The caller does not have permission","status":"PERMISSION_DENIED"}}
[debug] [2022-12-02T15:14:10.725Z] fetchWebSetup error: FirebaseError: HTTP Error: 403, The caller does not have permission
[warn] !  hosting: Authentication error when trying to fetch your current web app configuration, have you run firebase login? 
[warn] !  hosting: Could not fetch web app configuration and there is no cached configuration on this machine. Check your internet connection and make sure you are authenticated. To continue, you must call firebase.initializeApp({...}) in your code before using Firebase. 
[debug] [2022-12-02T15:14:10.727Z] >>> [apiv2][query] GET https://firebase.googleapis.com/v1beta1/projects/clone-a908f [none]
[debug] [2022-12-02T15:14:11.538Z] <<< [apiv2][status] GET https://firebase.googleapis.com/v1beta1/projects/clone-a908f 403
[debug] [2022-12-02T15:14:11.538Z] <<< [apiv2][body] GET https://firebase.googleapis.com/v1beta1/projects/clone-a908f {"error":{"code":403,"message":"The caller does not have permission","status":"PERMISSION_DENIED"}}
[debug] [2022-12-02T15:14:11.538Z] HTTP Error: 403, The caller does not have permission
[info] i  hosting[clone-a908f]: Serving hosting files from: build {"metadata":{"emulator":{"name":"hosting"},"message":"Serving hosting files from: \u001b[1mbuild\u001b[22m"}}
[info] +  hosting[clone-a908f]: Local server: http://127.0.0.1:5000 {"metadata":{"emulator":{"name":"hosting"},"message":"Local server: \u001b[4m\u001b[1mhttp://127.0.0.1:5000\u001b[22m\u001b[24m"}}
[warn] !  emulators: The Emulator UI is not starting, either because none of the emulated products have an interaction layer in Emulator UI or it cannot determine the Project ID. Pass the --project flag to specify a project. {"metadata":{"emulator":{"name":"hub"},"message":"The Emulator UI is not starting, either because none of the emulated products have an interaction layer in Emulator UI or it cannot determine the Project ID. Pass the --project flag to specify a project."}}
[info] 
┌─────────────────────────────────────────────────────────────┐
│ ✔  All emulators ready! It is now safe to connect your app. │
└─────────────────────────────────────────────────────────────┘

┌──────────┬────────────────┐
│ Emulator │ Host:Port      │
├──────────┼────────────────┤
│ Hosting  │ 127.0.0.1:5000 │
└──────────┴────────────────┘
  Emulator Hub running at 127.0.0.1:4400
  Other reserved ports: 4500

Issues? Report them at https://github.com/firebase/firebase-tools/issues and attach the *-debug.log files.
 
[debug] [2022-12-02T16:32:30.102Z] Received signal SIGHUP 1
